2023-07-14 00:51:08,196 [INFO][__init__]  __  __         ____            _           _     _   _                      
|  \/  |_   _  |  _ \ _ __ ___ (_) ___  ___| |_  | \ | | __ _ _ __ ___   ___ 
| |\/| | | | | | |_) | '__/ _ \| |/ _ \/ __| __| |  \| |/ _` | '_ ` _ \ / _ \
| |  | | |_| | |  __/| | | (_) | |  __/ (__| |_  | |\  | (_| | | | | | |  __/
|_|  |_|\__, | |_|   |_|  \___// |\___|\___|\__| |_| \_|\__,_|_| |_| |_|\___|
        |___/                |__/                                            

2023-07-14 00:51:08,196 [INFO][__init__] App init complete...
2023-07-14 00:51:08,196 [INFO][run] App running...
2023-07-14 01:16:51,006 [INFO][__init__]      _                       _        ____ _                   ____ _          
  __| | ___  _ __ ___   __ _(_)_ __  / ___| | ___  _ __   ___ / ___| |__   ___ 
 / _` |/ _ \| '_ ` _ \ / _` | | '_ \| |   | |/ _ \| '_ \ / _ \ |   | '_ \ / _ \
| (_| | (_) | | | | | | (_| | | | | | |___| | (_) | | | |  __/ |___| | | |  __/
 \__,_|\___/|_| |_| |_|\__,_|_|_| |_|\____|_|\___/|_| |_|\___|\____|_| |_|\___|
                                                                               
      _             
  ___| | _____ _ __ 
 / __| |/ / _ \ '__|
| (__|   <  __/ |   
 \___|_|\_\___|_|   
                    

2023-07-14 01:16:51,009 [INFO][__init__] App init complete...
2023-07-14 01:16:51,009 [INFO][run] App running...
2023-07-14 01:17:02,051 [INFO][__init__]      _                       _        ____ _                   ____ _          
  __| | ___  _ __ ___   __ _(_)_ __  / ___| | ___  _ __   ___ / ___| |__   ___ 
 / _` |/ _ \| '_ ` _ \ / _` | | '_ \| |   | |/ _ \| '_ \ / _ \ |   | '_ \ / _ \
| (_| | (_) | | | | | | (_| | | | | | |___| | (_) | | | |  __/ |___| | | |  __/
 \__,_|\___/|_| |_| |_|\__,_|_|_| |_|\____|_|\___/|_| |_|\___|\____|_| |_|\___|
                                                                               
      _             
  ___| | _____ _ __ 
 / __| |/ / _ \ '__|
| (__|   <  __/ |   
 \___|_|\_\___|_|   
                    

2023-07-14 01:17:02,051 [INFO][__init__] App init complete...
2023-07-14 01:17:02,051 [INFO][run] App running...
2023-07-14 01:19:22,738 [INFO][__init__]      _                       _        ____ _                   ____ _               _             
  __| | ___  _ __ ___   __ _(_)_ __  / ___| | ___  _ __   ___ / ___| |__   ___  ___| | _____ _ __ 
 / _` |/ _ \| '_ ` _ \ / _` | | '_ \| |   | |/ _ \| '_ \ / _ \ |   | '_ \ / _ \/ __| |/ / _ \ '__|
| (_| | (_) | | | | | | (_| | | | | | |___| | (_) | | | |  __/ |___| | | |  __/ (__|   <  __/ |   
 \__,_|\___/|_| |_| |_|\__,_|_|_| |_|\____|_|\___/|_| |_|\___|\____|_| |_|\___|\___|_|\_\___|_|   
                                                                                                  

2023-07-14 01:19:22,738 [INFO][__init__] App init complete...
2023-07-14 01:19:22,738 [INFO][run] App running...
2023-07-14 01:19:37,052 [INFO][__init__]      _                       _        ____ _                   ____ _               _             
  __| | ___  _ __ ___   __ _(_)_ __  / ___| | ___  _ __   ___ / ___| |__   ___  ___| | _____ _ __ 
 / _` |/ _ \| '_ ` _ \ / _` | | '_ \| |   | |/ _ \| '_ \ / _ \ |   | '_ \ / _ \/ __| |/ / _ \ '__|
| (_| | (_) | | | | | | (_| | | | | | |___| | (_) | | | |  __/ |___| | | |  __/ (__|   <  __/ |   
 \__,_|\___/|_| |_| |_|\__,_|_|_| |_|\____|_|\___/|_| |_|\___|\____|_| |_|\___|\___|_|\_\___|_|   
                                                                                                  

2023-07-14 01:19:37,053 [INFO][__init__] App init complete...
2023-07-14 01:19:37,053 [INFO][run] App running...
2023-07-14 01:27:10,701 [INFO][__init__]      _                       _        ____ _                   ____ _               _             
  __| | ___  _ __ ___   __ _(_)_ __  / ___| | ___  _ __   ___ / ___| |__   ___  ___| | _____ _ __ 
 / _` |/ _ \| '_ ` _ \ / _` | | '_ \| |   | |/ _ \| '_ \ / _ \ |   | '_ \ / _ \/ __| |/ / _ \ '__|
| (_| | (_) | | | | | | (_| | | | | | |___| | (_) | | | |  __/ |___| | | |  __/ (__|   <  __/ |   
 \__,_|\___/|_| |_| |_|\__,_|_|_| |_|\____|_|\___/|_| |_|\___|\____|_| |_|\___|\___|_|\_\___|_|   
                                                                                                  

2023-07-14 01:27:10,701 [INFO][__init__] App init complete...
2023-07-14 01:27:10,701 [INFO][run] App running...
2023-07-14 01:44:07,506 [INFO][__init__]      _                       _        ____ _                   ____ _               _             
  __| | ___  _ __ ___   __ _(_)_ __  / ___| | ___  _ __   ___ / ___| |__   ___  ___| | _____ _ __ 
 / _` |/ _ \| '_ ` _ \ / _` | | '_ \| |   | |/ _ \| '_ \ / _ \ |   | '_ \ / _ \/ __| |/ / _ \ '__|
| (_| | (_) | | | | | | (_| | | | | | |___| | (_) | | | |  __/ |___| | | |  __/ (__|   <  __/ |   
 \__,_|\___/|_| |_| |_|\__,_|_|_| |_|\____|_|\___/|_| |_|\___|\____|_| |_|\___|\___|_|\_\___|_|   
                                                                                                  

2023-07-14 01:44:07,507 [INFO][__init__] App init complete...
2023-07-14 01:44:07,507 [INFO][run] App running...
2023-07-14 01:53:16,510 [INFO][__init__]      _                       _        ____ _                   ____ _               _             
  __| | ___  _ __ ___   __ _(_)_ __  / ___| | ___  _ __   ___ / ___| |__   ___  ___| | _____ _ __ 
 / _` |/ _ \| '_ ` _ \ / _` | | '_ \| |   | |/ _ \| '_ \ / _ \ |   | '_ \ / _ \/ __| |/ / _ \ '__|
| (_| | (_) | | | | | | (_| | | | | | |___| | (_) | | | |  __/ |___| | | |  __/ (__|   <  __/ |   
 \__,_|\___/|_| |_| |_|\__,_|_|_| |_|\____|_|\___/|_| |_|\___|\____|_| |_|\___|\___|_|\_\___|_|   
                                                                                                  

2023-07-14 01:53:16,510 [INFO][__init__] App init complete...
2023-07-14 01:53:16,510 [INFO][run] App running...
2023-07-14 01:54:31,887 [INFO][__init__]      _                       _        ____ _                   ____ _               _             
  __| | ___  _ __ ___   __ _(_)_ __  / ___| | ___  _ __   ___ / ___| |__   ___  ___| | _____ _ __ 
 / _` |/ _ \| '_ ` _ \ / _` | | '_ \| |   | |/ _ \| '_ \ / _ \ |   | '_ \ / _ \/ __| |/ / _ \ '__|
| (_| | (_) | | | | | | (_| | | | | | |___| | (_) | | | |  __/ |___| | | |  __/ (__|   <  __/ |   
 \__,_|\___/|_| |_| |_|\__,_|_|_| |_|\____|_|\___/|_| |_|\___|\____|_| |_|\___|\___|_|\_\___|_|   
                                                                                                  

2023-07-14 01:54:31,887 [INFO][__init__] App init complete...
2023-07-14 01:54:31,887 [INFO][run] App running...
